<?xml version="1.0" encoding="UTF-8"?>
<!-- Generated by org.testng.reporters.JUnitReportReporter -->
<testsuite skipped="0" hostname="LAPTOP-B574IVM6" name="runner.TestNG_Runner" tests="1" failures="0" timestamp="2020-09-28T09:25:54 IST" time="39.358" errors="0">
  <testcase name="runScenario" time="39.358" classname="runner.TestNG_Runner"/>
  <system-out/>
</testsuite> <!-- runner.TestNG_Runner -->
